1776272300104 [INFO] server.js:424 服务器启动: http://localhost:3000
1776272320908 [INFO] server.js:384 新连接
1776272377055 [INFO] engine/phase.js:391 ========== 第 1 天 ==========
1776272377057 [INFO] engine/phase.js:442 进入阶段: night_werewolf_discuss
1776272377058 [INFO] server.js:349 游戏开始！玩家数：9
1776272377058 [INFO] ai/controller.js:143 [AI] 强子 发言: 先观察一下。
1776272377058 [INFO] ai/controller.js:144 [AI] 强子 发言: 先观察一下。
1776272377059 [INFO] ai/controller.js:143 [AI] 小云 发言: 我觉得应该刀预言家。
1776272377059 [INFO] ai/controller.js:144 [AI] 小云 发言: 我觉得应该刀预言家。
1776272377060 [INFO] ai/controller.js:143 [AI] 阿杰 发言: 刀谁？
1776272377060 [INFO] ai/controller.js:144 [AI] 阿杰 发言: 刀谁？
1776272377060 [INFO] engine/phase.js:455 阶段完成: night_werewolf_discuss
1776272377061 [INFO] engine/phase.js:442 进入阶段: night_werewolf_vote
1776272377061 [INFO] ai/controller.js:178 [AI] 强子 可选投票范围: 1号阿鹏, 2号强子, 3号玩家1, 4号阿伟, 5号阿明, 6号小云, 7号大军, 8号大刚, 9号阿杰
1776272377061 [INFO] ai/controller.js:183 [AI] 强子 投票给 5号阿明
1776272377062 [INFO] ai/controller.js:178 [AI] 小云 可选投票范围: 1号阿鹏, 2号强子, 3号玩家1, 4号阿伟, 5号阿明, 6号小云, 7号大军, 8号大刚, 9号阿杰
1776272377062 [INFO] ai/controller.js:183 [AI] 小云 投票给 9号阿杰
1776272377062 [INFO] ai/controller.js:178 [AI] 阿杰 可选投票范围: 1号阿鹏, 2号强子, 3号玩家1, 4号阿伟, 5号阿明, 6号小云, 7号大军, 8号大刚, 9号阿杰
1776272377062 [INFO] ai/controller.js:183 [AI] 阿杰 投票给 2号强子
1776272377063 [INFO] engine/phase.js:455 阶段完成: night_werewolf_vote
1776272377063 [INFO] engine/phase.js:442 进入阶段: witch
1776272377064 [INFO] ai/controller.js:215 [AI] 大刚 使用技能 witch，可选: 救/毒/跳过 | 被杀: 5号阿明 | 可毒: 1号阿鹏, 2号强子, 3号玩家1, 4号阿伟, 6号小云, 7号大军, 9号阿杰 → {"action":"heal"}
1776272377064 [INFO] engine/phase.js:455 阶段完成: witch
1776272377064 [INFO] engine/phase.js:442 进入阶段: seer
1776272377065 [INFO] engine/player.js:279 玩家1 使用技能 seer，可选: 1号阿鹏, 2号强子, 4号阿伟, 5号阿明, 6号小云, 7号大军, 8号大刚, 9号阿杰
1776272377065 [INFO] server.js:146 请求 玩家1 行动: seer | 可选: 1号阿鹏, 2号强子, 4号阿伟, 5号阿明, 6号小云, 7号大军, 8号大刚, 9号阿杰
1776272392488 [INFO] engine/phase.js:455 阶段完成: seer
1776272392488 [INFO] engine/phase.js:442 进入阶段: sheriff_campaign
1776272392489 [INFO] engine/player.js:279 玩家1 使用技能 campaign，可选: 无
1776272392489 [INFO] server.js:146 请求 玩家1 行动: campaign
1776272392490 [INFO] ai/controller.js:215 [AI] 阿鹏 使用技能 campaign，可选: 无 → {"run":true}
1776272392490 [INFO] ai/controller.js:215 [AI] 强子 使用技能 campaign，可选: 无 → {"run":true}
1776272392490 [INFO] ai/controller.js:215 [AI] 阿伟 使用技能 campaign，可选: 无 → {"run":true}
1776272392490 [INFO] ai/controller.js:215 [AI] 阿明 使用技能 campaign，可选: 无 → {"run":true}
1776272392491 [INFO] ai/controller.js:215 [AI] 小云 使用技能 campaign，可选: 无 → {"run":false}
1776272392491 [INFO] ai/controller.js:215 [AI] 大军 使用技能 campaign，可选: 无 → {"run":true}
1776272392491 [INFO] ai/controller.js:215 [AI] 大刚 使用技能 campaign，可选: 无 → {"run":false}
1776272392491 [INFO] ai/controller.js:215 [AI] 阿杰 使用技能 campaign，可选: 无 → {"run":false}
1776272413523 [INFO] engine/phase.js:455 阶段完成: sheriff_campaign
1776272413523 [INFO] engine/phase.js:442 进入阶段: sheriff_speech
1776272413524 [INFO] ai/controller.js:143 [AI] 阿鹏 发言: 我觉得某人很可疑。
1776272413524 [INFO] ai/controller.js:144 [AI] 阿鹏 发言: 我觉得某人很可疑。
1776272413524 [INFO] ai/controller.js:143 [AI] 强子 发言: 我觉得某人很可疑。
1776272413525 [INFO] ai/controller.js:144 [AI] 强子 发言: 我觉得某人很可疑。
1776272413525 [INFO] ai/controller.js:143 [AI] 阿伟 发言: 我怀疑有人是狼人。
1776272413525 [INFO] ai/controller.js:144 [AI] 阿伟 发言: 我怀疑有人是狼人。
1776272413525 [INFO] ai/controller.js:143 [AI] 阿明 发言: 我是好人，请大家相信我。
1776272413526 [INFO] ai/controller.js:144 [AI] 阿明 发言: 我是好人，请大家相信我。
1776272413526 [INFO] ai/controller.js:143 [AI] 大军 发言: 我怀疑有人是狼人。
1776272413526 [INFO] ai/controller.js:144 [AI] 大军 发言: 我怀疑有人是狼人。
1776272413527 [INFO] ai/controller.js:215 [AI] 阿鹏 使用技能 withdraw，可选: 无 → {"withdraw":true}
1776272413527 [INFO] ai/controller.js:215 [AI] 强子 使用技能 withdraw，可选: 无 → {"withdraw":true}
1776272413527 [INFO] ai/controller.js:215 [AI] 阿伟 使用技能 withdraw，可选: 无 → {"withdraw":false}
1776272413528 [INFO] ai/controller.js:215 [AI] 阿明 使用技能 withdraw，可选: 无 → {"withdraw":false}
1776272413528 [INFO] ai/controller.js:215 [AI] 大军 使用技能 withdraw，可选: 无 → {"withdraw":false}
1776272413528 [INFO] engine/phase.js:455 阶段完成: sheriff_speech
1776272413528 [INFO] engine/phase.js:442 进入阶段: sheriff_vote
1776272413529 [INFO] server.js:146 请求 玩家1 行动: sheriff_vote | 可选: 4号阿伟, 5号阿明, 7号大军
1776272413529 [INFO] ai/controller.js:178 [AI] 小云 可选投票范围: 4号阿伟, 5号阿明, 7号大军
1776272413530 [INFO] ai/controller.js:185 [AI] 小云 选择弃权
1776272413530 [INFO] ai/controller.js:178 [AI] 大刚 可选投票范围: 4号阿伟, 5号阿明, 7号大军
1776272413530 [INFO] ai/controller.js:183 [AI] 大刚 投票给 4号阿伟
1776272413530 [INFO] ai/controller.js:178 [AI] 阿杰 可选投票范围: 4号阿伟, 5号阿明, 7号大军
1776272413531 [INFO] ai/controller.js:183 [AI] 阿杰 投票给 7号大军
1776272435466 [INFO] server.js:146 请求 玩家1 行动: sheriff_vote | 可选: 7号大军, 4号阿伟
1776272435466 [INFO] ai/controller.js:178 [AI] 小云 可选投票范围: 7号大军, 4号阿伟
1776272435467 [INFO] ai/controller.js:183 [AI] 小云 投票给 7号大军
1776272435467 [INFO] ai/controller.js:178 [AI] 大刚 可选投票范围: 7号大军, 4号阿伟
1776272435467 [INFO] ai/controller.js:185 [AI] 大刚 选择弃权
1776272435467 [INFO] ai/controller.js:178 [AI] 阿杰 可选投票范围: 7号大军, 4号阿伟
1776272435468 [INFO] ai/controller.js:183 [AI] 阿杰 投票给 4号阿伟
